<?xml version="1.0" encoding="UTF-8"?>
<beans xmlns="http://www.springframework.org/schema/beans"
	xmlns:xsi="http://www.w3.org/2001/XMLSchema-instance" xmlns:osgi="http://www.springframework.org/schema/osgi"
	xmlns:jaxws="http://cxf.apache.org/jaxws" xmlns:cxf="http://camel.apache.org/schema/cxf"
	xmlns:util="http://www.springframework.org/schema/util" xmlns:context="http://www.springframework.org/schema/context"
	xmlns:security="http://www.springframework.org/schema/security"

	xsi:schemaLocation="
       http://cxf.apache.org/jaxws 
       http://cxf.apache.org/schemas/jaxws.xsd
       http://www.springframework.org/schema/beans 
       http://www.springframework.org/schema/beans/spring-beans-2.5.xsd
       http://www.springframework.org/schema/osgi  
       http://www.springframework.org/schema/osgi/spring-osgi.xsd
       http://camel.apache.org/schema/spring 
       http://camel.apache.org/schema/spring/camel-spring.xsd
       http://camel.apache.org/schema/cxf
	   http://camel.apache.org/schema/cxf/camel-cxf.xsd
	   http://www.springframework.org/schema/util 
	   http://www.springframework.org/schema/util/spring-util-2.5.xsd
	   http://www.springframework.org/schema/context
       http://www.springframework.org/schema/context/spring-context-2.5.xsd
       http://www.springframework.org/schema/security 
       http://www.springframework.org/schema/security/spring-security.xsd">

	<security:user-service id="userService">
		<security:user name="admin" password="123"
			authorities="ROLE_USER,ROLE_ADMIN" />
		<security:user name="user" password="123" authorities="ROLE_USER" />
	</security:user-service>

	<security:authentication-manager alias="authenticationManager">
		<security:authentication-provider
			user-service-ref="userService" />
	</security:authentication-manager>

	<security:global-method-security
		pre-post-annotations="enabled">
		<security:protect-pointcut access="ROLE_ADMIN"
			expression="execution(* net.cristcost.study.TestService.*(..))" />
	</security:global-method-security>

	<bean id="testService" class="net.cristcost.study.TestServiceImpl" />

	<bean id="testClient" class="net.cristcost.launcher.TestClient"
		init-method="startMe">
		<property name="service" ref="testService" />
		<property name="authenticationManager" ref="authenticationManager" />
	</bean>

</beans>
